[2014-09-04 10:05:15] START
[2014-09-04 10:06:45] EDIT ClapDetection/views/plugin_layouts/layouts/Customize.html: -137
[2014-09-04 10:06:59] EDIT ClapDetection/views/default/index.html: 31
[2014-09-04 10:07:20] CREATE layoutnew.html: 0
[2014-09-04 10:07:26] EDIT ClapDetection/views/layoutnew.html: 96
[2014-09-04 10:07:55] EDIT ClapDetection/static/plugin_layouts/layouts/Customize/style.css: -113
[2014-09-04 10:08:23] EDIT ClapDetection/controllers/default.py: -38
[2014-09-04 10:08:47] EDIT ClapDetection/models/db.py: 7
[2014-09-04 10:09:39] EDIT ClapDetection/views/default/index.html: 0
[2014-09-04 10:09:41] EDIT ClapDetection/models/db.py: 0
[2014-09-04 10:09:43] EDIT ClapDetection/controllers/default.py: 0
[2014-09-04 10:09:45] EDIT ClapDetection/static/plugin_layouts/layouts/Customize/style.css: 0
[2014-09-04 10:09:46] EDIT ClapDetection/views/layoutnew.html: 0
[2014-09-04 10:09:47] EDIT ClapDetection/views/plugin_layouts/layouts/Customize.html: 0
[2014-09-04 10:11:32] EDIT ClapDetection/static/css/bootstrap.min.css: -2
[2014-09-04 10:12:43] EDIT ClapDetection/static/js/jquery.js: 0
[2014-09-04 10:13:35] EDIT ClapDetection/static/js/bootstrap.min.js: 0
[2014-09-04 10:14:27] UPLOAD /home/sai/web2py/applications/ClapDetection/static/main.css: 46
[2014-09-04 10:15:37] EDIT ClapDetection/views/default/index.html: 0
[2014-09-04 10:15:53] EDIT ClapDetection/controllers/default.py: 0
[2014-09-04 10:16:12] EDIT ClapDetection/views/default/index.html: 0
[2014-09-04 10:16:49] CREATE thanks.html: 0
[2014-09-04 10:16:53] EDIT ClapDetection/views/thanks.html: 43
[2014-09-04 10:17:53] CREATE record.html: 0
[2014-09-04 10:17:57] EDIT ClapDetection/views/record.html: -1
[2014-09-04 10:18:13] CREATE default/record.html: 0
[2014-09-04 10:18:16] EDIT ClapDetection/views/default/record.html: -1
[2014-09-04 10:18:51] CREATE default/thanks.html: 0
[2014-09-04 10:18:59] EDIT ClapDetection/views/default/thanks.html: 43
[2014-09-04 10:19:11] EDIT ClapDetection/views/default/thanks.html: 0
